[15-Aug-2025 20:07:57 America/Havana] Uncaught PHP Exception Error: "Call to undefined function Symfony\Component\Process\proc_get_status()" at /var/www/html/multiconsulting/vendor/symfony/process/Process.php line 1327
[15-Aug-2025 20:09:04 America/Havana] Uncaught PHP Exception Error: "Call to undefined function Symfony\Component\Process\proc_close()" at /var/www/html/multiconsulting/vendor/symfony/process/Process.php line 1427
[15-Aug-2025 20:46:00 America/Havana] Uncaught PHP Exception TypeError: "Drupal\trash\EventSubscriber\TrashIgnoreSubscriber::__construct(): Argument #1 ($entityTypeManager) must be of type Drupal\Core\Entity\EntityTypeManagerInterface, Drupal\trash\TrashManager given, called in /var/www/html/multiconsulting/web/core/lib/Drupal/Component/DependencyInjection/Container.php on line 259" at /var/www/html/multiconsulting/web/modules/contrib/trash/src/EventSubscriber/TrashIgnoreSubscriber.php line 24
[15-Aug-2025 20:50:38 America/Havana] Uncaught PHP Exception Error: "Call to undefined function fileowner()" at /var/www/html/multiconsulting/web/core/modules/update/update.manager.inc line 302
[15-Aug-2025 21:02:21 America/Havana] Failed to log error: Error: Call to undefined function Drupal\syslog\Logger\openlog() in Drupal\syslog\Logger\SysLog->openConnection() (line 63 of /var/www/html/multiconsulting/web/core/modules/syslog/src/Logger/SysLog.php). #0 /var/www/html/multiconsulting/web/core/modules/syslog/src/Logger/SysLog.php(82): Drupal\syslog\Logger\SysLog->openConnection()
#1 /var/www/html/multiconsulting/web/core/lib/Drupal/Core/Logger/LoggerChannel.php(127): Drupal\syslog\Logger\SysLog->log()
#2 /var/www/html/multiconsulting/web/core/lib/Drupal/Core/EventSubscriber/ExceptionLoggingSubscriber.php(70): Drupal\Core\Logger\LoggerChannel->log()
#3 /var/www/html/multiconsulting/web/core/lib/Drupal/Core/EventSubscriber/ExceptionLoggingSubscriber.php(118): Drupal\Core\EventSubscriber\ExceptionLoggingSubscriber->onError()
#4 /var/www/html/multiconsulting/vendor/symfony/event-dispatcher/EventDispatcher.php(246): Drupal\Core\EventSubscriber\ExceptionLoggingSubscriber->onException()
#5 /var/www/html/multiconsulting/vendor/symfony/event-dispatcher/EventDispatcher.php(206): Symfony\Component\EventDispatcher\EventDispatcher::Symfony\Component\EventDispatcher\{closure}()
#6 /var/www/html/multiconsulting/vendor/symfony/event-dispatcher/EventDispatcher.php(56): Symfony\Component\EventDispatcher\EventDispatcher->callListeners()
#7 /var/www/html/multiconsulting/vendor/symfony/http-kernel/HttpKernel.php(241): Symfony\Component\EventDispatcher\EventDispatcher->dispatch()
#8 /var/www/html/multiconsulting/vendor/symfony/http-kernel/HttpKernel.php(91): Symfony\Component\HttpKernel\HttpKernel->handleThrowable()
#9 /var/www/html/multiconsulting/web/core/lib/Drupal/Core/StackMiddleware/Session.php(53): Symfony\Component\HttpKernel\HttpKernel->handle()
#10 /var/www/html/multiconsulting/web/core/lib/Drupal/Core/StackMiddleware/KernelPreHandle.php(48): Drupal\Core\StackMiddleware\Session->handle()
#11 /var/www/html/multiconsulting/web/core/lib/Drupal/Core/StackMiddleware/ContentLength.php(28): Drupal\Core\StackMiddleware\KernelPreHandle->handle()
#12 /var/www/html/multiconsulting/web/core/modules/big_pipe/src/StackMiddleware/ContentLength.php(32): Drupal\Core\StackMiddleware\ContentLength->handle()
#13 /var/www/html/multiconsulting/web/core/modules/page_cache/src/StackMiddleware/PageCache.php(116): Drupal\big_pipe\StackMiddleware\ContentLength->handle()
#14 /var/www/html/multiconsulting/web/core/modules/page_cache/src/StackMiddleware/PageCache.php(90): Drupal\page_cache\StackMiddleware\PageCache->pass()
#15 /var/www/html/multiconsulting/web/core/lib/Drupal/Core/StackMiddleware/ReverseProxyMiddleware.php(48): Drupal\page_cache\StackMiddleware\PageCache->handle()
#16 /var/www/html/multiconsulting/web/core/lib/Drupal/Core/StackMiddleware/NegotiationMiddleware.php(51): Drupal\Core\StackMiddleware\ReverseProxyMiddleware->handle()
#17 /var/www/html/multiconsulting/web/core/lib/Drupal/Core/StackMiddleware/AjaxPageState.php(36): Drupal\Core\StackMiddleware\NegotiationMiddleware->handle()
#18 /var/www/html/multiconsulting/web/core/lib/Drupal/Core/StackMiddleware/StackedHttpKernel.php(51): Drupal\Core\StackMiddleware\AjaxPageState->handle()
#19 /var/www/html/multiconsulting/web/core/lib/Drupal/Core/DrupalKernel.php(709): Drupal\Core\StackMiddleware\StackedHttpKernel->handle()
#20 /var/www/html/multiconsulting/web/index.php(19): Drupal\Core\DrupalKernel->handle()
#21 {main}
[15-Aug-2025 21:02:21 America/Havana] Error: Call to undefined function Drupal\syslog\Logger\openlog() in /var/www/html/multiconsulting/web/core/modules/syslog/src/Logger/SysLog.php on line 63 #0 /var/www/html/multiconsulting/web/core/modules/syslog/src/Logger/SysLog.php(82): Drupal\syslog\Logger\SysLog->openConnection()
#1 /var/www/html/multiconsulting/web/core/lib/Drupal/Core/Logger/LoggerChannel.php(127): Drupal\syslog\Logger\SysLog->log()
#2 /var/www/html/multiconsulting/web/core/lib/Drupal/Core/EventSubscriber/ExceptionLoggingSubscriber.php(70): Drupal\Core\Logger\LoggerChannel->log()
#3 /var/www/html/multiconsulting/web/core/lib/Drupal/Core/EventSubscriber/ExceptionLoggingSubscriber.php(118): Drupal\Core\EventSubscriber\ExceptionLoggingSubscriber->onError()
#4 /var/www/html/multiconsulting/vendor/symfony/event-dispatcher/EventDispatcher.php(246): Drupal\Core\EventSubscriber\ExceptionLoggingSubscriber->onException()
#5 /var/www/html/multiconsulting/vendor/symfony/event-dispatcher/EventDispatcher.php(206): Symfony\Component\EventDispatcher\EventDispatcher::Symfony\Component\EventDispatcher\{closure}()
#6 /var/www/html/multiconsulting/vendor/symfony/event-dispatcher/EventDispatcher.php(56): Symfony\Component\EventDispatcher\EventDispatcher->callListeners()
#7 /var/www/html/multiconsulting/vendor/symfony/http-kernel/HttpKernel.php(241): Symfony\Component\EventDispatcher\EventDispatcher->dispatch()
#8 /var/www/html/multiconsulting/vendor/symfony/http-kernel/HttpKernel.php(91): Symfony\Component\HttpKernel\HttpKernel->handleThrowable()
#9 /var/www/html/multiconsulting/web/core/lib/Drupal/Core/StackMiddleware/Session.php(53): Symfony\Component\HttpKernel\HttpKernel->handle()
#10 /var/www/html/multiconsulting/web/core/lib/Drupal/Core/StackMiddleware/KernelPreHandle.php(48): Drupal\Core\StackMiddleware\Session->handle()
#11 /var/www/html/multiconsulting/web/core/lib/Drupal/Core/StackMiddleware/ContentLength.php(28): Drupal\Core\StackMiddleware\KernelPreHandle->handle()
#12 /var/www/html/multiconsulting/web/core/modules/big_pipe/src/StackMiddleware/ContentLength.php(32): Drupal\Core\StackMiddleware\ContentLength->handle()
#13 /var/www/html/multiconsulting/web/core/modules/page_cache/src/StackMiddleware/PageCache.php(116): Drupal\big_pipe\StackMiddleware\ContentLength->handle()
#14 /var/www/html/multiconsulting/web/core/modules/page_cache/src/StackMiddleware/PageCache.php(90): Drupal\page_cache\StackMiddleware\PageCache->pass()
#15 /var/www/html/multiconsulting/web/core/lib/Drupal/Core/StackMiddleware/ReverseProxyMiddleware.php(48): Drupal\page_cache\StackMiddleware\PageCache->handle()
#16 /var/www/html/multiconsulting/web/core/lib/Drupal/Core/StackMiddleware/NegotiationMiddleware.php(51): Drupal\Core\StackMiddleware\ReverseProxyMiddleware->handle()
#17 /var/www/html/multiconsulting/web/core/lib/Drupal/Core/StackMiddleware/AjaxPageState.php(36): Drupal\Core\StackMiddleware\NegotiationMiddleware->handle()
#18 /var/www/html/multiconsulting/web/core/lib/Drupal/Core/StackMiddleware/StackedHttpKernel.php(51): Drupal\Core\StackMiddleware\AjaxPageState->handle()
#19 /var/www/html/multiconsulting/web/core/lib/Drupal/Core/DrupalKernel.php(709): Drupal\Core\StackMiddleware\StackedHttpKernel->handle()
#20 /var/www/html/multiconsulting/web/index.php(19): Drupal\Core\DrupalKernel->handle()
#21 {main}
[16-Sep-2025 09:14:25 America/Havana] Uncaught PHP Exception InvalidArgumentException: "Field layout_builder__layout is unknown." at /var/www/html/multiconsulting/web/core/lib/Drupal/Core/Entity/ContentEntityBase.php line 616
[17-Sep-2025 11:04:18 America/Havana] Uncaught PHP Exception TypeError: "Drupal\Component\Utility\Html::escape(): Argument #1 ($text) must be of type string, null given, called in /var/www/html/multiconsulting/web/core/lib/Drupal/Component/Render/FormattableMarkup.php on line 238" at /var/www/html/multiconsulting/web/core/lib/Drupal/Component/Utility/Html.php line 431
[17-Sep-2025 11:08:11 America/Havana] Uncaught PHP Exception TypeError: "Drupal\Component\Utility\Html::escape(): Argument #1 ($text) must be of type string, null given, called in /var/www/html/multiconsulting/web/core/lib/Drupal/Component/Render/FormattableMarkup.php on line 238" at /var/www/html/multiconsulting/web/core/lib/Drupal/Component/Utility/Html.php line 431
[18-Sep-2025 10:24:43 America/Havana] Uncaught PHP Exception Error: "Call to a member function displaySubmitted() on null" at /var/www/html/multiconsulting/web/core/modules/node/node.module line 379
[18-Sep-2025 10:25:04 America/Havana] Uncaught PHP Exception Error: "Call to a member function displaySubmitted() on null" at /var/www/html/multiconsulting/web/core/modules/node/node.module line 379
[18-Sep-2025 10:25:11 America/Havana] Uncaught PHP Exception Error: "Call to a member function displaySubmitted() on null" at /var/www/html/multiconsulting/web/core/modules/node/node.module line 379
[18-Sep-2025 08:52:27 America/Mexico_City] Uncaught PHP Exception Error: "Call to a member function displaySubmitted() on null" at /var/www/html/multiconsulting/web/core/modules/node/node.module line 379
[18-Sep-2025 08:52:33 America/Mexico_City] Uncaught PHP Exception Error: "Call to a member function displaySubmitted() on null" at /var/www/html/multiconsulting/web/core/modules/node/node.module line 379
[25-Sep-2025 17:48:18 America/Havana] Uncaught PHP Exception TypeError: "Drupal\Component\Utility\Html::escape(): Argument #1 ($text) must be of type string, null given, called in /var/www/html/multiconsulting/web/core/lib/Drupal/Component/Render/FormattableMarkup.php on line 238" at /var/www/html/multiconsulting/web/core/lib/Drupal/Component/Utility/Html.php line 431
[25-Sep-2025 17:49:12 America/Havana] Uncaught PHP Exception TypeError: "Drupal\Component\Utility\Html::escape(): Argument #1 ($text) must be of type string, null given, called in /var/www/html/multiconsulting/web/core/lib/Drupal/Component/Render/FormattableMarkup.php on line 238" at /var/www/html/multiconsulting/web/core/lib/Drupal/Component/Utility/Html.php line 431
[25-Sep-2025 18:05:27 America/Havana] Uncaught PHP Exception TypeError: "Drupal\Component\Utility\Html::escape(): Argument #1 ($text) must be of type string, null given, called in /var/www/html/multiconsulting/web/core/lib/Drupal/Component/Render/FormattableMarkup.php on line 238" at /var/www/html/multiconsulting/web/core/lib/Drupal/Component/Utility/Html.php line 431
[27-Jan-2026 20:09:44 UTC] PHP Warning:  Undefined variable $app_root in /var/www/html/multiconsulting/web/sites/default/settings.php on line 723
[27-Jan-2026 20:09:44 UTC] PHP Warning:  Undefined variable $site_path in /var/www/html/multiconsulting/web/sites/default/settings.php on line 723
